# JRE version: OpenJDK Runtime Environment (8.0_222-b10) (build 1.8.0_222-8u222-b10-1ubuntu1~16.04.1-b10)
# Java VM: OpenJDK 64-Bit Server VM (25.222-b10 mixed mode linux-amd64 compressed oops)
Heap:
 PSYoungGen      total 24064K, used 2961K [0x00000000d6b00000, 0x00000000d8f80000, 0x0000000100000000)
  eden space 23552K, 12% used [0x00000000d6b00000,0x00000000d6dd4788,0x00000000d8200000)
  from space 512K, 12% used [0x00000000d8e80000,0x00000000d8e90000,0x00000000d8f00000)
  to   space 512K, 0% used [0x00000000d8f00000,0x00000000d8f00000,0x00000000d8f80000)
 ParOldGen       total 84992K, used 15271K [0x0000000084000000, 0x0000000089300000, 0x00000000d6b00000)
  object space 84992K, 17% used [0x0000000084000000,0x0000000084ee9e40,0x0000000089300000)
 Metaspace       used 20308K, capacity 20512K, committed 20864K, reserved 1069056K
  class space    used 1745K, capacity 1835K, committed 1920K, reserved 1048576K
GC Heap History (10 events):
Event: 163.203 GC heap before
{Heap before GC invocations=301 (full 0):
 PSYoungGen      total 24064K, used 23616K [0x00000000d6b00000, 0x00000000d8f80000, 0x0000000100000000)
  eden space 23552K, 100% used [0x00000000d6b00000,0x00000000d8200000,0x00000000d8200000)
  from space 512K, 12% used [0x00000000d8f00000,0x00000000d8f10000,0x00000000d8f80000)
  to   space 512K, 0% used [0x00000000d8e80000,0x00000000d8e80000,0x00000000d8f00000)
 ParOldGen       total 84992K, used 15255K [0x0000000084000000, 0x0000000089300000, 0x00000000d6b00000)
  object space 84992K, 17% used [0x0000000084000000,0x0000000084ee5e40,0x0000000089300000)
 Metaspace       used 20283K, capacity 20512K, committed 20864K, reserved 1069056K
  class space    used 1741K, capacity 1835K, committed 1920K, reserved 1048576K
Event: 163.204 GC heap after
Heap after GC invocations=301 (full 0):
 PSYoungGen      total 24064K, used 32K [0x00000000d6b00000, 0x00000000d8f80000, 0x0000000100000000)
  eden space 23552K, 0% used [0x00000000d6b00000,0x00000000d6b00000,0x00000000d8200000)
  from space 512K, 6% used [0x00000000d8e80000,0x00000000d8e88000,0x00000000d8f00000)
  to   space 512K, 0% used [0x00000000d8f00000,0x00000000d8f00000,0x00000000d8f80000)
 ParOldGen       total 84992K, used 15255K [0x0000000084000000, 0x0000000089300000, 0x00000000d6b00000)
  object space 84992K, 17% used [0x0000000084000000,0x0000000084ee5e40,0x0000000089300000)
 Metaspace       used 20283K, capacity 20512K, committed 20864K, reserved 1069056K
  class space    used 1741K, capacity 1835K, committed 1920K, reserved 1048576K
}
Event: 163.699 GC heap before
{Heap before GC invocations=302 (full 0):
 PSYoungGen      total 24064K, used 23584K [0x00000000d6b00000, 0x00000000d8f80000, 0x0000000100000000)
  eden space 23552K, 100% used [0x00000000d6b00000,0x00000000d8200000,0x00000000d8200000)
  from space 512K, 6% used [0x00000000d8e80000,0x00000000d8e88000,0x00000000d8f00000)
  to   space 512K, 0% used [0x00000000d8f00000,0x00000000d8f00000,0x00000000d8f80000)
 ParOldGen       total 84992K, used 15255K [0x0000000084000000, 0x0000000089300000, 0x00000000d6b00000)
  object space 84992K, 17% used [0x0000000084000000,0x0000000084ee5e40,0x0000000089300000)
 Metaspace       used 20290K, capacity 20512K, committed 20864K, reserved 1069056K
  class space    used 1742K, capacity 1835K, committed 1920K, reserved 1048576K
Event: 163.700 GC heap after
Heap after GC invocations=302 (full 0):
 PSYoungGen      total 24064K, used 64K [0x00000000d6b00000, 0x00000000d8f80000, 0x0000000100000000)
  eden space 23552K, 0% used [0x00000000d6b00000,0x00000000d6b00000,0x00000000d8200000)
  from space 512K, 12% used [0x00000000d8f00000,0x00000000d8f10000,0x00000000d8f80000)
  to   space 512K, 0% used [0x00000000d8e80000,0x00000000d8e80000,0x00000000d8f00000)
 ParOldGen       total 84992K, used 15255K [0x0000000084000000, 0x0000000089300000, 0x00000000d6b00000)
  object space 84992K, 17% used [0x0000000084000000,0x0000000084ee5e40,0x0000000089300000)
 Metaspace       used 20290K, capacity 20512K, committed 20864K, reserved 1069056K
  class space    used 1742K, capacity 1835K, committed 1920K, reserved 1048576K
}
Event: 164.176 GC heap before
{Heap before GC invocations=303 (full 0):
 PSYoungGen      total 24064K, used 23616K [0x00000000d6b00000, 0x00000000d8f80000, 0x0000000100000000)
  eden space 23552K, 100% used [0x00000000d6b00000,0x00000000d8200000,0x00000000d8200000)
  from space 512K, 12% used [0x00000000d8f00000,0x00000000d8f10000,0x00000000d8f80000)
  to   space 512K, 0% used [0x00000000d8e80000,0x00000000d8e80000,0x00000000d8f00000)
 ParOldGen       total 84992K, used 15255K [0x0000000084000000, 0x0000000089300000, 0x00000000d6b00000)
  object space 84992K, 17% used [0x0000000084000000,0x0000000084ee5e40,0x0000000089300000)
 Metaspace       used 20290K, capacity 20512K, committed 20864K, reserved 1069056K
  class space    used 1742K, capacity 1835K, committed 1920K, reserved 1048576K
Event: 164.177 GC heap after
Heap after GC invocations=303 (full 0):
 PSYoungGen      total 24064K, used 64K [0x00000000d6b00000, 0x00000000d8f80000, 0x0000000100000000)
  eden space 23552K, 0% used [0x00000000d6b00000,0x00000000d6b00000,0x00000000d8200000)
  from space 512K, 12% used [0x00000000d8e80000,0x00000000d8e90000,0x00000000d8f00000)
  to   space 512K, 0% used [0x00000000d8f00000,0x00000000d8f00000,0x00000000d8f80000)
 ParOldGen       total 84992K, used 15271K [0x0000000084000000, 0x0000000089300000, 0x00000000d6b00000)
  object space 84992K, 17% used [0x0000000084000000,0x0000000084ee9e40,0x0000000089300000)
 Metaspace       used 20290K, capacity 20512K, committed 20864K, reserved 1069056K
  class space    used 1742K, capacity 1835K, committed 1920K, reserved 1048576K
}
Event: 164.600 GC heap before
{Heap before GC invocations=304 (full 0):
 PSYoungGen      total 24064K, used 23616K [0x00000000d6b00000, 0x00000000d8f80000, 0x0000000100000000)
  eden space 23552K, 100% used [0x00000000d6b00000,0x00000000d8200000,0x00000000d8200000)
  from space 512K, 12% used [0x00000000d8e80000,0x00000000d8e90000,0x00000000d8f00000)
  to   space 512K, 0% used [0x00000000d8f00000,0x00000000d8f00000,0x00000000d8f80000)
 ParOldGen       total 84992K, used 15271K [0x0000000084000000, 0x0000000089300000, 0x00000000d6b00000)
  object space 84992K, 17% used [0x0000000084000000,0x0000000084ee9e40,0x0000000089300000)
 Metaspace       used 20290K, capacity 20512K, committed 20864K, reserved 1069056K
  class space    used 1742K, capacity 1835K, committed 1920K, reserved 1048576K
Event: 164.601 GC heap after
Heap after GC invocations=304 (full 0):
 PSYoungGen      total 24064K, used 64K [0x00000000d6b00000, 0x00000000d8f80000, 0x0000000100000000)
  eden space 23552K, 0% used [0x00000000d6b00000,0x00000000d6b00000,0x00000000d8200000)
  from space 512K, 12% used [0x00000000d8f00000,0x00000000d8f10000,0x00000000d8f80000)
  to   space 512K, 0% used [0x00000000d8e80000,0x00000000d8e80000,0x00000000d8f00000)
 ParOldGen       total 84992K, used 15271K [0x0000000084000000, 0x0000000089300000, 0x00000000d6b00000)
  object space 84992K, 17% used [0x0000000084000000,0x0000000084ee9e40,0x0000000089300000)
 Metaspace       used 20290K, capacity 20512K, committed 20864K, reserved 1069056K
  class space    used 1742K, capacity 1835K, committed 1920K, reserved 1048576K
}
Event: 165.000 GC heap before
{Heap before GC invocations=305 (full 0):
 PSYoungGen      total 24064K, used 23616K [0x00000000d6b00000, 0x00000000d8f80000, 0x0000000100000000)
  eden space 23552K, 100% used [0x00000000d6b00000,0x00000000d8200000,0x00000000d8200000)
  from space 512K, 12% used [0x00000000d8f00000,0x00000000d8f10000,0x00000000d8f80000)
  to   space 512K, 0% used [0x00000000d8e80000,0x00000000d8e80000,0x00000000d8f00000)
 ParOldGen       total 84992K, used 15271K [0x0000000084000000, 0x0000000089300000, 0x00000000d6b00000)
  object space 84992K, 17% used [0x0000000084000000,0x0000000084ee9e40,0x0000000089300000)
 Metaspace       used 20290K, capacity 20512K, committed 20864K, reserved 1069056K
  class space    used 1742K, capacity 1835K, committed 1920K, reserved 1048576K
Event: 165.001 GC heap after
Heap after GC invocations=305 (full 0):
 PSYoungGen      total 24064K, used 64K [0x00000000d6b00000, 0x00000000d8f80000, 0x0000000100000000)
  eden space 23552K, 0% used [0x00000000d6b00000,0x00000000d6b00000,0x00000000d8200000)
  from space 512K, 12% used [0x00000000d8e80000,0x00000000d8e90000,0x00000000d8f00000)
  to   space 512K, 0% used [0x00000000d8f00000,0x00000000d8f00000,0x00000000d8f80000)
 ParOldGen       total 84992K, used 15271K [0x0000000084000000, 0x0000000089300000, 0x00000000d6b00000)
  object space 84992K, 17% used [0x0000000084000000,0x0000000084ee9e40,0x0000000089300000)
 Metaspace       used 20290K, capacity 20512K, committed 20864K, reserved 1069056K
  class space    used 1742K, capacity 1835K, committed 1920K, reserved 1048576K
}

