# JRE version: OpenJDK Runtime Environment (8.0_222-b10) (build 1.8.0_222-8u222-b10-1ubuntu1~16.04.1-b10)
# Java VM: OpenJDK 64-Bit Server VM (25.222-b10 mixed mode linux-amd64 compressed oops)
Heap:
 def new generation   total 14144K, used 9414K [0x00000000d2200000, 0x00000000d3150000, 0x00000000e16a0000)
  eden space 12608K,  62% used [0x00000000d2200000, 0x00000000d29b1a88, 0x00000000d2e50000)
  from space 1536K,  99% used [0x00000000d2e50000, 0x00000000d2fcfff0, 0x00000000d2fd0000)
  to   space 1536K,   0% used [0x00000000d2fd0000, 0x00000000d2fd0000, 0x00000000d3150000)
 tenured generation   total 31424K, used 2910K [0x00000000e16a0000, 0x00000000e3550000, 0x0000000100000000)
   the space 31424K,   9% used [0x00000000e16a0000, 0x00000000e19778f0, 0x00000000e1977a00, 0x00000000e3550000)
 Metaspace       used 15938K, capacity 16110K, committed 16384K, reserved 1064960K
  class space    used 1443K, capacity 1503K, committed 1536K, reserved 1048576K
GC Heap History (4 events):
Event: 8.369 GC heap before
{Heap before GC invocations=0 (full 0):
 def new generation   total 14144K, used 12608K [0x00000000d2200000, 0x00000000d3150000, 0x00000000e16a0000)
  eden space 12608K, 100% used [0x00000000d2200000, 0x00000000d2e50000, 0x00000000d2e50000)
  from space 1536K,   0% used [0x00000000d2e50000, 0x00000000d2e50000, 0x00000000d2fd0000)
  to   space 1536K,   0% used [0x00000000d2fd0000, 0x00000000d2fd0000, 0x00000000d3150000)
 tenured generation   total 31424K, used 0K [0x00000000e16a0000, 0x00000000e3550000, 0x0000000100000000)
   the space 31424K,   0% used [0x00000000e16a0000, 0x00000000e16a0000, 0x00000000e16a0200, 0x00000000e3550000)
 Metaspace       used 10747K, capacity 10888K, committed 11264K, reserved 1058816K
  class space    used 1105K, capacity 1153K, committed 1280K, reserved 1048576K
Event: 8.380 GC heap after
Heap after GC invocations=1 (full 0):
 def new generation   total 14144K, used 1535K [0x00000000d2200000, 0x00000000d3150000, 0x00000000e16a0000)
  eden space 12608K,   0% used [0x00000000d2200000, 0x00000000d2200000, 0x00000000d2e50000)
  from space 1536K,  99% used [0x00000000d2fd0000, 0x00000000d314fff8, 0x00000000d3150000)
  to   space 1536K,   0% used [0x00000000d2e50000, 0x00000000d2e50000, 0x00000000d2fd0000)
 tenured generation   total 31424K, used 1328K [0x00000000e16a0000, 0x00000000e3550000, 0x0000000100000000)
   the space 31424K,   4% used [0x00000000e16a0000, 0x00000000e17ec070, 0x00000000e17ec200, 0x00000000e3550000)
 Metaspace       used 10747K, capacity 10888K, committed 11264K, reserved 1058816K
  class space    used 1105K, capacity 1153K, committed 1280K, reserved 1048576K
}
Event: 9.740 GC heap before
{Heap before GC invocations=1 (full 0):
 def new generation   total 14144K, used 14143K [0x00000000d2200000, 0x00000000d3150000, 0x00000000e16a0000)
  eden space 12608K, 100% used [0x00000000d2200000, 0x00000000d2e50000, 0x00000000d2e50000)
  from space 1536K,  99% used [0x00000000d2fd0000, 0x00000000d314fff8, 0x00000000d3150000)
  to   space 1536K,   0% used [0x00000000d2e50000, 0x00000000d2e50000, 0x00000000d2fd0000)
 tenured generation   total 31424K, used 1328K [0x00000000e16a0000, 0x00000000e3550000, 0x0000000100000000)
   the space 31424K,   4% used [0x00000000e16a0000, 0x00000000e17ec070, 0x00000000e17ec200, 0x00000000e3550000)
 Metaspace       used 15054K, capacity 15278K, committed 15616K, reserved 1062912K
  class space    used 1350K, capacity 1439K, committed 1536K, reserved 1048576K
Event: 9.753 GC heap after
Heap after GC invocations=2 (full 0):
 def new generation   total 14144K, used 1535K [0x00000000d2200000, 0x00000000d3150000, 0x00000000e16a0000)
  eden space 12608K,   0% used [0x00000000d2200000, 0x00000000d2200000, 0x00000000d2e50000)
  from space 1536K,  99% used [0x00000000d2e50000, 0x00000000d2fcfff0, 0x00000000d2fd0000)
  to   space 1536K,   0% used [0x00000000d2fd0000, 0x00000000d2fd0000, 0x00000000d3150000)
 tenured generation   total 31424K, used 2910K [0x00000000e16a0000, 0x00000000e3550000, 0x0000000100000000)
   the space 31424K,   9% used [0x00000000e16a0000, 0x00000000e19778f0, 0x00000000e1977a00, 0x00000000e3550000)
 Metaspace       used 15054K, capacity 15278K, committed 15616K, reserved 1062912K
  class space    used 1350K, capacity 1439K, committed 1536K, reserved 1048576K
}

